--------------------
./configure --prefix=
Tue Feb 10 12:44:00 MST 2015
=== ztest4836.c ===
extern int getchar();
int hello() {return getchar();}
===
icc -c ztest4836.c
... using gcc

Checking for obsessive-compulsive compiler options...
=== ztest4836.c ===
int foo() { return 0; }
===
icc -c -mmic ztest4836.c

Checking for shared library support...
=== ztest4836.c ===
extern int getchar();
int hello() {return getchar();}
===
icc -w -c -mmic -fPIC ztest4836.c
icc -shared -Wl,-soname,libz.so.1,--version-script,zlib.map -mmic -fPIC -o ztest4836.so ztest4836.o
Building shared library libz.so.1.2.8 with icc.

=== ztest4836.c ===
#include <sys/types.h>
off64_t dummy = 0;
===
icc -c -mmic -D_LARGEFILE64_SOURCE=1 ztest4836.c
Checking for off64_t... Yes.
Checking for fseeko... Yes.

=== ztest4836.c ===
#include <string.h>
#include <errno.h>
int main() { return strlen(strerror(errno)); }
===
icc -mmic -D_LARGEFILE64_SOURCE=1 -o ztest4836 ztest4836.c
Checking for strerror... Yes.

=== ztest4836.c ===
#include <unistd.h>
int main() { return 0; }
===
icc -c -mmic -D_LARGEFILE64_SOURCE=1 ztest4836.c
Checking for unistd.h... Yes.

=== ztest4836.c ===
#include <stdarg.h>
int main() { return 0; }
===
icc -c -mmic -D_LARGEFILE64_SOURCE=1 ztest4836.c
Checking for stdarg.h... Yes.

=== ztest4836.c ===
#include <stdio.h>
#include <stdarg.h>
#include "zconf.h"
int main()
{
#ifndef STDC
  choke me
#endif
  return 0;
}
===
icc -c -mmic -D_LARGEFILE64_SOURCE=1 ztest4836.c
Checking whether to use vs[n]printf() or s[n]printf()... using vs[n]printf().

=== ztest4836.c ===
#include <stdio.h>
#include <stdarg.h>
int mytest(const char *fmt, ...)
{
  char buf[20];
  va_list ap;
  va_start(ap, fmt);
  vsnprintf(buf, sizeof(buf), fmt, ap);
  va_end(ap);
  return 0;
}
int main()
{
  return (mytest("Hello%d\n", 1));
}
===
icc -mmic -D_LARGEFILE64_SOURCE=1 -o ztest4836 ztest4836.c
Checking for vsnprintf() in stdio.h... Yes.

=== ztest4836.c ===
#include <stdio.h>
#include <stdarg.h>
int mytest(const char *fmt, ...)
{
  int n;
  char buf[20];
  va_list ap;
  va_start(ap, fmt);
  n = vsnprintf(buf, sizeof(buf), fmt, ap);
  va_end(ap);
  return n;
}
int main()
{
  return (mytest("Hello%d\n", 1));
}
===
icc -c -mmic -D_LARGEFILE64_SOURCE=1 ztest4836.c
Checking for return value of vsnprintf()... Yes.

=== ztest4836.c ===
#define ZLIB_INTERNAL __attribute__((visibility ("hidden")))
int ZLIB_INTERNAL foo;
int main()
{
  return 0;
}
===
icc -c -mmic -D_LARGEFILE64_SOURCE=1 ztest4836.c
Checking for attribute(visibility) support... Yes.

ALL = static shared all64
AR = ar
ARFLAGS = rc
CC = icc
CFLAGS = -mmic -D_LARGEFILE64_SOURCE=1 -DHAVE_HIDDEN
CPP = icc -E
EXE =
LDCONFIG = ldconfig
LDFLAGS = -mmic
LDSHARED = icc -shared -Wl,-soname,libz.so.1,--version-script,zlib.map
LDSHAREDLIBC = -lc
OBJC = $(OBJZ) $(OBJG)
PIC_OBJC = $(PIC_OBJZ) $(PIC_OBJG)
RANLIB = ranlib
SFLAGS = -mmic -fPIC -D_LARGEFILE64_SOURCE=1 -DHAVE_HIDDEN
SHAREDLIB = libz.so
SHAREDLIBM = libz.so.1
SHAREDLIBV = libz.so.1.2.8
STATICLIB = libz.a
TEST = all teststatic testshared test64
VER = 1.2.8
Z_U4 =
exec_prefix = ${prefix}
includedir = ${prefix}/include
libdir = ${exec_prefix}/lib
mandir = ${prefix}/share/man
prefix =
sharedlibdir = ${libdir}
uname = Linux
--------------------


--------------------
./configure --prefix=/home/dvaidhyn/Openfoam-mic/of-xp/zlib-1.2.8
Tue Feb 10 12:44:48 MST 2015
=== ztest5033.c ===
extern int getchar();
int hello() {return getchar();}
===
icc -c ztest5033.c
... using gcc

Checking for obsessive-compulsive compiler options...
=== ztest5033.c ===
int foo() { return 0; }
===
icc -c -mmic ztest5033.c

Checking for shared library support...
=== ztest5033.c ===
extern int getchar();
int hello() {return getchar();}
===
icc -w -c -mmic -fPIC ztest5033.c
icc -shared -Wl,-soname,libz.so.1,--version-script,zlib.map -mmic -fPIC -o ztest5033.so ztest5033.o
Building shared library libz.so.1.2.8 with icc.

=== ztest5033.c ===
#include <sys/types.h>
off64_t dummy = 0;
===
icc -c -mmic -D_LARGEFILE64_SOURCE=1 ztest5033.c
Checking for off64_t... Yes.
Checking for fseeko... Yes.

=== ztest5033.c ===
#include <string.h>
#include <errno.h>
int main() { return strlen(strerror(errno)); }
===
icc -mmic -D_LARGEFILE64_SOURCE=1 -o ztest5033 ztest5033.c
Checking for strerror... Yes.

=== ztest5033.c ===
#include <unistd.h>
int main() { return 0; }
===
icc -c -mmic -D_LARGEFILE64_SOURCE=1 ztest5033.c
Checking for unistd.h... Yes.

=== ztest5033.c ===
#include <stdarg.h>
int main() { return 0; }
===
icc -c -mmic -D_LARGEFILE64_SOURCE=1 ztest5033.c
Checking for stdarg.h... Yes.

=== ztest5033.c ===
#include <stdio.h>
#include <stdarg.h>
#include "zconf.h"
int main()
{
#ifndef STDC
  choke me
#endif
  return 0;
}
===
icc -c -mmic -D_LARGEFILE64_SOURCE=1 ztest5033.c
Checking whether to use vs[n]printf() or s[n]printf()... using vs[n]printf().

=== ztest5033.c ===
#include <stdio.h>
#include <stdarg.h>
int mytest(const char *fmt, ...)
{
  char buf[20];
  va_list ap;
  va_start(ap, fmt);
  vsnprintf(buf, sizeof(buf), fmt, ap);
  va_end(ap);
  return 0;
}
int main()
{
  return (mytest("Hello%d\n", 1));
}
===
icc -mmic -D_LARGEFILE64_SOURCE=1 -o ztest5033 ztest5033.c
Checking for vsnprintf() in stdio.h... Yes.

=== ztest5033.c ===
#include <stdio.h>
#include <stdarg.h>
int mytest(const char *fmt, ...)
{
  int n;
  char buf[20];
  va_list ap;
  va_start(ap, fmt);
  n = vsnprintf(buf, sizeof(buf), fmt, ap);
  va_end(ap);
  return n;
}
int main()
{
  return (mytest("Hello%d\n", 1));
}
===
icc -c -mmic -D_LARGEFILE64_SOURCE=1 ztest5033.c
Checking for return value of vsnprintf()... Yes.

=== ztest5033.c ===
#define ZLIB_INTERNAL __attribute__((visibility ("hidden")))
int ZLIB_INTERNAL foo;
int main()
{
  return 0;
}
===
icc -c -mmic -D_LARGEFILE64_SOURCE=1 ztest5033.c
Checking for attribute(visibility) support... Yes.

ALL = static shared all64
AR = ar
ARFLAGS = rc
CC = icc
CFLAGS = -mmic -D_LARGEFILE64_SOURCE=1 -DHAVE_HIDDEN
CPP = icc -E
EXE =
LDCONFIG = ldconfig
LDFLAGS = -mmic
LDSHARED = icc -shared -Wl,-soname,libz.so.1,--version-script,zlib.map
LDSHAREDLIBC = -lc
OBJC = $(OBJZ) $(OBJG)
PIC_OBJC = $(PIC_OBJZ) $(PIC_OBJG)
RANLIB = ranlib
SFLAGS = -mmic -fPIC -D_LARGEFILE64_SOURCE=1 -DHAVE_HIDDEN
SHAREDLIB = libz.so
SHAREDLIBM = libz.so.1
SHAREDLIBV = libz.so.1.2.8
STATICLIB = libz.a
TEST = all teststatic testshared test64
VER = 1.2.8
Z_U4 =
exec_prefix = ${prefix}
includedir = ${prefix}/include
libdir = ${exec_prefix}/lib
mandir = ${prefix}/share/man
prefix = /home/dvaidhyn/Openfoam-mic/of-xp/zlib-1.2.8
sharedlibdir = ${libdir}
uname = Linux
--------------------


--------------------
./configure --prefix=/home/dvaidhyn/Openfoam-mic/of-xp/zlib-1.2.8
Mon Feb 23 19:16:32 MST 2015
=== ztest11112.c ===
extern int getchar();
int hello() {return getchar();}
===
icc -c ztest11112.c
... using gcc

Checking for obsessive-compulsive compiler options...
=== ztest11112.c ===
int foo() { return 0; }
===
icc -c -mmic ztest11112.c

Checking for shared library support...
=== ztest11112.c ===
extern int getchar();
int hello() {return getchar();}
===
icc -w -c -mmic -fPIC ztest11112.c
icc -shared -Wl,-soname,libz.so.1,--version-script,zlib.map -mmic -fPIC -o ztest11112.so ztest11112.o
Building shared library libz.so.1.2.8 with icc.

=== ztest11112.c ===
#include <sys/types.h>
off64_t dummy = 0;
===
icc -c -mmic -D_LARGEFILE64_SOURCE=1 ztest11112.c
Checking for off64_t... Yes.
Checking for fseeko... Yes.

=== ztest11112.c ===
#include <string.h>
#include <errno.h>
int main() { return strlen(strerror(errno)); }
===
icc -mmic -D_LARGEFILE64_SOURCE=1 -o ztest11112 ztest11112.c
Checking for strerror... Yes.

=== ztest11112.c ===
#include <unistd.h>
int main() { return 0; }
===
icc -c -mmic -D_LARGEFILE64_SOURCE=1 ztest11112.c
Checking for unistd.h... Yes.

=== ztest11112.c ===
#include <stdarg.h>
int main() { return 0; }
===
icc -c -mmic -D_LARGEFILE64_SOURCE=1 ztest11112.c
Checking for stdarg.h... Yes.

=== ztest11112.c ===
#include <stdio.h>
#include <stdarg.h>
#include "zconf.h"
int main()
{
#ifndef STDC
  choke me
#endif
  return 0;
}
===
icc -c -mmic -D_LARGEFILE64_SOURCE=1 ztest11112.c
Checking whether to use vs[n]printf() or s[n]printf()... using vs[n]printf().

=== ztest11112.c ===
#include <stdio.h>
#include <stdarg.h>
int mytest(const char *fmt, ...)
{
  char buf[20];
  va_list ap;
  va_start(ap, fmt);
  vsnprintf(buf, sizeof(buf), fmt, ap);
  va_end(ap);
  return 0;
}
int main()
{
  return (mytest("Hello%d\n", 1));
}
===
icc -mmic -D_LARGEFILE64_SOURCE=1 -o ztest11112 ztest11112.c
Checking for vsnprintf() in stdio.h... Yes.

=== ztest11112.c ===
#include <stdio.h>
#include <stdarg.h>
int mytest(const char *fmt, ...)
{
  int n;
  char buf[20];
  va_list ap;
  va_start(ap, fmt);
  n = vsnprintf(buf, sizeof(buf), fmt, ap);
  va_end(ap);
  return n;
}
int main()
{
  return (mytest("Hello%d\n", 1));
}
===
icc -c -mmic -D_LARGEFILE64_SOURCE=1 ztest11112.c
Checking for return value of vsnprintf()... Yes.

=== ztest11112.c ===
#define ZLIB_INTERNAL __attribute__((visibility ("hidden")))
int ZLIB_INTERNAL foo;
int main()
{
  return 0;
}
===
icc -c -mmic -D_LARGEFILE64_SOURCE=1 ztest11112.c
Checking for attribute(visibility) support... Yes.

ALL = static shared all64
AR = ar
ARFLAGS = rc
CC = icc
CFLAGS = -mmic -D_LARGEFILE64_SOURCE=1 -DHAVE_HIDDEN
CPP = icc -E
EXE =
LDCONFIG = ldconfig
LDFLAGS = -mmic
LDSHARED = icc -shared -Wl,-soname,libz.so.1,--version-script,zlib.map
LDSHAREDLIBC = -lc
OBJC = $(OBJZ) $(OBJG)
PIC_OBJC = $(PIC_OBJZ) $(PIC_OBJG)
RANLIB = ranlib
SFLAGS = -mmic -fPIC -D_LARGEFILE64_SOURCE=1 -DHAVE_HIDDEN
SHAREDLIB = libz.so
SHAREDLIBM = libz.so.1
SHAREDLIBV = libz.so.1.2.8
STATICLIB = libz.a
TEST = all teststatic testshared test64
VER = 1.2.8
Z_U4 =
exec_prefix = ${prefix}
includedir = ${prefix}/include
libdir = ${exec_prefix}/lib
mandir = ${prefix}/share/man
prefix = /home/dvaidhyn/Openfoam-mic/of-xp/zlib-1.2.8
sharedlibdir = ${libdir}
uname = Linux
--------------------


