wmakeLnInclude: linking include files to ./lnInclude
Making dependency list for source file surfZone/surfZone/surfZone.C
Making dependency list for source file surfZone/surfZone/surfZoneIOList.C
Making dependency list for source file surfZone/surfZoneIdentifier/surfZoneIdentifier.C
Making dependency list for source file MeshedSurfaceAllocator/MeshedSurfaceIOAllocator.C
Making dependency list for source file MeshedSurface/MeshedSurfaces.C
Making dependency list for source file UnsortedMeshedSurface/UnsortedMeshedSurfaces.C
Making dependency list for source file MeshedSurface/MeshedSurfaceCore.C
Making dependency list for source file surfaceRegistry/surfaceRegistry.C
Making dependency list for source file MeshedSurfaceProxy/MeshedSurfaceProxyCore.C
Making dependency list for source file surfaceFormats/surfaceFormatsCore.C
Making dependency list for source file surfMesh/surfMeshIO.C
Making dependency list for source file surfMesh/surfMesh.C
Making dependency list for source file surfaceFormats/ac3d/AC3DsurfaceFormatRunTime.C
Making dependency list for source file surfMesh/surfMeshClear.C
Making dependency list for source file surfaceFormats/ac3d/AC3DsurfaceFormatCore.C
Making dependency list for source file surfaceFormats/obj/OBJsurfaceFormatRunTime.C
Making dependency list for source file surfaceFormats/obj/OBJstream.C
Making dependency list for source file surfaceFormats/gts/GTSsurfaceFormatRunTime.C
Making dependency list for source file surfFields/surfFields/surfFields.C
Making dependency list for source file surfaceFormats/off/OFFsurfaceFormatRunTime.C
Making dependency list for source file surfaceFormats/ftr/FTRsurfaceFormatRunTime.C
Making dependency list for source file surfaceFormats/nas/NASsurfaceFormatRunTime.C
Making dependency list for source file surfaceFormats/ofs/OFSsurfaceFormatCore.C
Making dependency list for source file surfaceFormats/starcd/STARCDsurfaceFormatCore.C
Making dependency list for source file surfaceFormats/stl/STLsurfaceFormatRunTime.C
Making dependency list for source file surfaceFormats/starcd/STARCDsurfaceFormatRunTime.C
Making dependency list for source file surfaceFormats/smesh/SMESHsurfaceFormatRunTime.C
Making dependency list for source file surfaceFormats/stl/STLsurfaceFormatCore.C
Making dependency list for source file surfaceFormats/stl/STLsurfaceFormatASCII.L
Making dependency list for source file surfaceFormats/ofs/OFSsurfaceFormatRunTime.C
Making dependency list for source file surfaceFormats/tri/TRIsurfaceFormatCore.C
Making dependency list for source file surfaceFormats/tri/TRIsurfaceFormatRunTime.C
Making dependency list for source file surfaceFormats/vtk/VTKsurfaceFormatCore.C
Making dependency list for source file surfaceFormats/vtk/VTKsurfaceFormatRunTime.C
could not open file zconf.h for source file surfaceFormats/stl/STLsurfaceFormatCore.C due to No such file or directory
Making dependency list for source file surfaceFormats/wrl/WRLsurfaceFormatCore.C
Making dependency list for source file surfaceFormats/wrl/WRLsurfaceFormatRunTime.C
Making dependency list for source file surfaceFormats/x3d/X3DsurfaceFormatCore.C
Making dependency list for source file surfaceFormats/x3d/X3DsurfaceFormatRunTime.C
SOURCE=surfZone/surfZone/surfZone.C ;  icpc -std=c++0x -Dlinux64 -DWM_DP -wd327,525,654,819,1125,1476,1505,1572  -g -DFULLDEBUG -O0 -DNoRepository -I/home/dvaidhyn/Openfoam-mic/of-xp/OpenFOAM-2.3.1/src/fileFormats/lnInclude 	-I/home/dvaidhyn/Openfoam-mic/of-xp/zlib-1.2.8/zconf.h -IlnInclude -I. -I/home/dvaidhyn/Openfoam-mic/of-xp/OpenFOAM-2.3.1/src/OpenFOAM/lnInclude -I/home/dvaidhyn/Openfoam-mic/of-xp/OpenFOAM-2.3.1/src/OSspecific/POSIX/lnInclude   -fPIC -O3 -mmic -c $SOURCE -o Make/linux64IccDPDebug/surfZone.o
SOURCE=surfZone/surfZone/surfZoneIOList.C ;  icpc -std=c++0x -Dlinux64 -DWM_DP -wd327,525,654,819,1125,1476,1505,1572  -g -DFULLDEBUG -O0 -DNoRepository -I/home/dvaidhyn/Openfoam-mic/of-xp/OpenFOAM-2.3.1/src/fileFormats/lnInclude 	-I/home/dvaidhyn/Openfoam-mic/of-xp/zlib-1.2.8/zconf.h -IlnInclude -I. -I/home/dvaidhyn/Openfoam-mic/of-xp/OpenFOAM-2.3.1/src/OpenFOAM/lnInclude -I/home/dvaidhyn/Openfoam-mic/of-xp/OpenFOAM-2.3.1/src/OSspecific/POSIX/lnInclude   -fPIC -O3 -mmic -c $SOURCE -o Make/linux64IccDPDebug/surfZoneIOList.o
SOURCE=surfZone/surfZoneIdentifier/surfZoneIdentifier.C ;  icpc -std=c++0x -Dlinux64 -DWM_DP -wd327,525,654,819,1125,1476,1505,1572  -g -DFULLDEBUG -O0 -DNoRepository -I/home/dvaidhyn/Openfoam-mic/of-xp/OpenFOAM-2.3.1/src/fileFormats/lnInclude 	-I/home/dvaidhyn/Openfoam-mic/of-xp/zlib-1.2.8/zconf.h -IlnInclude -I. -I/home/dvaidhyn/Openfoam-mic/of-xp/OpenFOAM-2.3.1/src/OpenFOAM/lnInclude -I/home/dvaidhyn/Openfoam-mic/of-xp/OpenFOAM-2.3.1/src/OSspecific/POSIX/lnInclude   -fPIC -O3 -mmic -c $SOURCE -o Make/linux64IccDPDebug/surfZoneIdentifier.o
SOURCE=MeshedSurfaceAllocator/MeshedSurfaceIOAllocator.C ;  icpc -std=c++0x -Dlinux64 -DWM_DP -wd327,525,654,819,1125,1476,1505,1572  -g -DFULLDEBUG -O0 -DNoRepository -I/home/dvaidhyn/Openfoam-mic/of-xp/OpenFOAM-2.3.1/src/fileFormats/lnInclude 	-I/home/dvaidhyn/Openfoam-mic/of-xp/zlib-1.2.8/zconf.h -IlnInclude -I. -I/home/dvaidhyn/Openfoam-mic/of-xp/OpenFOAM-2.3.1/src/OpenFOAM/lnInclude -I/home/dvaidhyn/Openfoam-mic/of-xp/OpenFOAM-2.3.1/src/OSspecific/POSIX/lnInclude   -fPIC -O3 -mmic -c $SOURCE -o Make/linux64IccDPDebug/MeshedSurfaceIOAllocator.o
SOURCE=MeshedSurface/MeshedSurfaceCore.C ;  icpc -std=c++0x -Dlinux64 -DWM_DP -wd327,525,654,819,1125,1476,1505,1572  -g -DFULLDEBUG -O0 -DNoRepository -I/home/dvaidhyn/Openfoam-mic/of-xp/OpenFOAM-2.3.1/src/fileFormats/lnInclude 	-I/home/dvaidhyn/Openfoam-mic/of-xp/zlib-1.2.8/zconf.h -IlnInclude -I. -I/home/dvaidhyn/Openfoam-mic/of-xp/OpenFOAM-2.3.1/src/OpenFOAM/lnInclude -I/home/dvaidhyn/Openfoam-mic/of-xp/OpenFOAM-2.3.1/src/OSspecific/POSIX/lnInclude   -fPIC -O3 -mmic -c $SOURCE -o Make/linux64IccDPDebug/MeshedSurfaceCore.o
SOURCE=MeshedSurface/MeshedSurfaces.C ;  icpc -std=c++0x -Dlinux64 -DWM_DP -wd327,525,654,819,1125,1476,1505,1572  -g -DFULLDEBUG -O0 -DNoRepository -I/home/dvaidhyn/Openfoam-mic/of-xp/OpenFOAM-2.3.1/src/fileFormats/lnInclude 	-I/home/dvaidhyn/Openfoam-mic/of-xp/zlib-1.2.8/zconf.h -IlnInclude -I. -I/home/dvaidhyn/Openfoam-mic/of-xp/OpenFOAM-2.3.1/src/OpenFOAM/lnInclude -I/home/dvaidhyn/Openfoam-mic/of-xp/OpenFOAM-2.3.1/src/OSspecific/POSIX/lnInclude   -fPIC -O3 -mmic -c $SOURCE -o Make/linux64IccDPDebug/MeshedSurfaces.o
SOURCE=UnsortedMeshedSurface/UnsortedMeshedSurfaces.C ;  icpc -std=c++0x -Dlinux64 -DWM_DP -wd327,525,654,819,1125,1476,1505,1572  -g -DFULLDEBUG -O0 -DNoRepository -I/home/dvaidhyn/Openfoam-mic/of-xp/OpenFOAM-2.3.1/src/fileFormats/lnInclude 	-I/home/dvaidhyn/Openfoam-mic/of-xp/zlib-1.2.8/zconf.h -IlnInclude -I. -I/home/dvaidhyn/Openfoam-mic/of-xp/OpenFOAM-2.3.1/src/OpenFOAM/lnInclude -I/home/dvaidhyn/Openfoam-mic/of-xp/OpenFOAM-2.3.1/src/OSspecific/POSIX/lnInclude   -fPIC -O3 -mmic -c $SOURCE -o Make/linux64IccDPDebug/UnsortedMeshedSurfaces.o
SOURCE=MeshedSurfaceProxy/MeshedSurfaceProxyCore.C ;  icpc -std=c++0x -Dlinux64 -DWM_DP -wd327,525,654,819,1125,1476,1505,1572  -g -DFULLDEBUG -O0 -DNoRepository -I/home/dvaidhyn/Openfoam-mic/of-xp/OpenFOAM-2.3.1/src/fileFormats/lnInclude 	-I/home/dvaidhyn/Openfoam-mic/of-xp/zlib-1.2.8/zconf.h -IlnInclude -I. -I/home/dvaidhyn/Openfoam-mic/of-xp/OpenFOAM-2.3.1/src/OpenFOAM/lnInclude -I/home/dvaidhyn/Openfoam-mic/of-xp/OpenFOAM-2.3.1/src/OSspecific/POSIX/lnInclude   -fPIC -O3 -mmic -c $SOURCE -o Make/linux64IccDPDebug/MeshedSurfaceProxyCore.o
SOURCE=surfaceRegistry/surfaceRegistry.C ;  icpc -std=c++0x -Dlinux64 -DWM_DP -wd327,525,654,819,1125,1476,1505,1572  -g -DFULLDEBUG -O0 -DNoRepository -I/home/dvaidhyn/Openfoam-mic/of-xp/OpenFOAM-2.3.1/src/fileFormats/lnInclude 	-I/home/dvaidhyn/Openfoam-mic/of-xp/zlib-1.2.8/zconf.h -IlnInclude -I. -I/home/dvaidhyn/Openfoam-mic/of-xp/OpenFOAM-2.3.1/src/OpenFOAM/lnInclude -I/home/dvaidhyn/Openfoam-mic/of-xp/OpenFOAM-2.3.1/src/OSspecific/POSIX/lnInclude   -fPIC -O3 -mmic -c $SOURCE -o Make/linux64IccDPDebug/surfaceRegistry.o
SOURCE=surfMesh/surfMesh.C ;  icpc -std=c++0x -Dlinux64 -DWM_DP -wd327,525,654,819,1125,1476,1505,1572  -g -DFULLDEBUG -O0 -DNoRepository -I/home/dvaidhyn/Openfoam-mic/of-xp/OpenFOAM-2.3.1/src/fileFormats/lnInclude 	-I/home/dvaidhyn/Openfoam-mic/of-xp/zlib-1.2.8/zconf.h -IlnInclude -I. -I/home/dvaidhyn/Openfoam-mic/of-xp/OpenFOAM-2.3.1/src/OpenFOAM/lnInclude -I/home/dvaidhyn/Openfoam-mic/of-xp/OpenFOAM-2.3.1/src/OSspecific/POSIX/lnInclude   -fPIC -O3 -mmic -c $SOURCE -o Make/linux64IccDPDebug/surfMesh.o
SOURCE=surfMesh/surfMeshClear.C ;  icpc -std=c++0x -Dlinux64 -DWM_DP -wd327,525,654,819,1125,1476,1505,1572  -g -DFULLDEBUG -O0 -DNoRepository -I/home/dvaidhyn/Openfoam-mic/of-xp/OpenFOAM-2.3.1/src/fileFormats/lnInclude 	-I/home/dvaidhyn/Openfoam-mic/of-xp/zlib-1.2.8/zconf.h -IlnInclude -I. -I/home/dvaidhyn/Openfoam-mic/of-xp/OpenFOAM-2.3.1/src/OpenFOAM/lnInclude -I/home/dvaidhyn/Openfoam-mic/of-xp/OpenFOAM-2.3.1/src/OSspecific/POSIX/lnInclude   -fPIC -O3 -mmic -c $SOURCE -o Make/linux64IccDPDebug/surfMeshClear.o
SOURCE=surfMesh/surfMeshIO.C ;  icpc -std=c++0x -Dlinux64 -DWM_DP -wd327,525,654,819,1125,1476,1505,1572  -g -DFULLDEBUG -O0 -DNoRepository -I/home/dvaidhyn/Openfoam-mic/of-xp/OpenFOAM-2.3.1/src/fileFormats/lnInclude 	-I/home/dvaidhyn/Openfoam-mic/of-xp/zlib-1.2.8/zconf.h -IlnInclude -I. -I/home/dvaidhyn/Openfoam-mic/of-xp/OpenFOAM-2.3.1/src/OpenFOAM/lnInclude -I/home/dvaidhyn/Openfoam-mic/of-xp/OpenFOAM-2.3.1/src/OSspecific/POSIX/lnInclude   -fPIC -O3 -mmic -c $SOURCE -o Make/linux64IccDPDebug/surfMeshIO.o
SOURCE=surfFields/surfFields/surfFields.C ;  icpc -std=c++0x -Dlinux64 -DWM_DP -wd327,525,654,819,1125,1476,1505,1572  -g -DFULLDEBUG -O0 -DNoRepository -I/home/dvaidhyn/Openfoam-mic/of-xp/OpenFOAM-2.3.1/src/fileFormats/lnInclude 	-I/home/dvaidhyn/Openfoam-mic/of-xp/zlib-1.2.8/zconf.h -IlnInclude -I. -I/home/dvaidhyn/Openfoam-mic/of-xp/OpenFOAM-2.3.1/src/OpenFOAM/lnInclude -I/home/dvaidhyn/Openfoam-mic/of-xp/OpenFOAM-2.3.1/src/OSspecific/POSIX/lnInclude   -fPIC -O3 -mmic -c $SOURCE -o Make/linux64IccDPDebug/surfFields.o
SOURCE=surfFields/surfPointFields/surfPointFields.C ;  icpc -std=c++0x -Dlinux64 -DWM_DP -wd327,525,654,819,1125,1476,1505,1572  -g -DFULLDEBUG -O0 -DNoRepository -I/home/dvaidhyn/Openfoam-mic/of-xp/OpenFOAM-2.3.1/src/fileFormats/lnInclude 	-I/home/dvaidhyn/Openfoam-mic/of-xp/zlib-1.2.8/zconf.h -IlnInclude -I. -I/home/dvaidhyn/Openfoam-mic/of-xp/OpenFOAM-2.3.1/src/OpenFOAM/lnInclude -I/home/dvaidhyn/Openfoam-mic/of-xp/OpenFOAM-2.3.1/src/OSspecific/POSIX/lnInclude   -fPIC -O3 -mmic -c $SOURCE -o Make/linux64IccDPDebug/surfPointFields.o
SOURCE=surfaceFormats/surfaceFormatsCore.C ;  icpc -std=c++0x -Dlinux64 -DWM_DP -wd327,525,654,819,1125,1476,1505,1572  -g -DFULLDEBUG -O0 -DNoRepository -I/home/dvaidhyn/Openfoam-mic/of-xp/OpenFOAM-2.3.1/src/fileFormats/lnInclude 	-I/home/dvaidhyn/Openfoam-mic/of-xp/zlib-1.2.8/zconf.h -IlnInclude -I. -I/home/dvaidhyn/Openfoam-mic/of-xp/OpenFOAM-2.3.1/src/OpenFOAM/lnInclude -I/home/dvaidhyn/Openfoam-mic/of-xp/OpenFOAM-2.3.1/src/OSspecific/POSIX/lnInclude   -fPIC -O3 -mmic -c $SOURCE -o Make/linux64IccDPDebug/surfaceFormatsCore.o
SOURCE=surfaceFormats/ac3d/AC3DsurfaceFormatCore.C ;  icpc -std=c++0x -Dlinux64 -DWM_DP -wd327,525,654,819,1125,1476,1505,1572  -g -DFULLDEBUG -O0 -DNoRepository -I/home/dvaidhyn/Openfoam-mic/of-xp/OpenFOAM-2.3.1/src/fileFormats/lnInclude 	-I/home/dvaidhyn/Openfoam-mic/of-xp/zlib-1.2.8/zconf.h -IlnInclude -I. -I/home/dvaidhyn/Openfoam-mic/of-xp/OpenFOAM-2.3.1/src/OpenFOAM/lnInclude -I/home/dvaidhyn/Openfoam-mic/of-xp/OpenFOAM-2.3.1/src/OSspecific/POSIX/lnInclude   -fPIC -O3 -mmic -c $SOURCE -o Make/linux64IccDPDebug/AC3DsurfaceFormatCore.o
SOURCE=surfaceFormats/ac3d/AC3DsurfaceFormatRunTime.C ;  icpc -std=c++0x -Dlinux64 -DWM_DP -wd327,525,654,819,1125,1476,1505,1572  -g -DFULLDEBUG -O0 -DNoRepository -I/home/dvaidhyn/Openfoam-mic/of-xp/OpenFOAM-2.3.1/src/fileFormats/lnInclude 	-I/home/dvaidhyn/Openfoam-mic/of-xp/zlib-1.2.8/zconf.h -IlnInclude -I. -I/home/dvaidhyn/Openfoam-mic/of-xp/OpenFOAM-2.3.1/src/OpenFOAM/lnInclude -I/home/dvaidhyn/Openfoam-mic/of-xp/OpenFOAM-2.3.1/src/OSspecific/POSIX/lnInclude   -fPIC -O3 -mmic -c $SOURCE -o Make/linux64IccDPDebug/AC3DsurfaceFormatRunTime.o
SOURCE=surfaceFormats/ftr/FTRsurfaceFormatRunTime.C ;  icpc -std=c++0x -Dlinux64 -DWM_DP -wd327,525,654,819,1125,1476,1505,1572  -g -DFULLDEBUG -O0 -DNoRepository -I/home/dvaidhyn/Openfoam-mic/of-xp/OpenFOAM-2.3.1/src/fileFormats/lnInclude 	-I/home/dvaidhyn/Openfoam-mic/of-xp/zlib-1.2.8/zconf.h -IlnInclude -I. -I/home/dvaidhyn/Openfoam-mic/of-xp/OpenFOAM-2.3.1/src/OpenFOAM/lnInclude -I/home/dvaidhyn/Openfoam-mic/of-xp/OpenFOAM-2.3.1/src/OSspecific/POSIX/lnInclude   -fPIC -O3 -mmic -c $SOURCE -o Make/linux64IccDPDebug/FTRsurfaceFormatRunTime.o
SOURCE=surfaceFormats/gts/GTSsurfaceFormatRunTime.C ;  icpc -std=c++0x -Dlinux64 -DWM_DP -wd327,525,654,819,1125,1476,1505,1572  -g -DFULLDEBUG -O0 -DNoRepository -I/home/dvaidhyn/Openfoam-mic/of-xp/OpenFOAM-2.3.1/src/fileFormats/lnInclude 	-I/home/dvaidhyn/Openfoam-mic/of-xp/zlib-1.2.8/zconf.h -IlnInclude -I. -I/home/dvaidhyn/Openfoam-mic/of-xp/OpenFOAM-2.3.1/src/OpenFOAM/lnInclude -I/home/dvaidhyn/Openfoam-mic/of-xp/OpenFOAM-2.3.1/src/OSspecific/POSIX/lnInclude   -fPIC -O3 -mmic -c $SOURCE -o Make/linux64IccDPDebug/GTSsurfaceFormatRunTime.o
SOURCE=surfaceFormats/nas/NASsurfaceFormatRunTime.C ;  icpc -std=c++0x -Dlinux64 -DWM_DP -wd327,525,654,819,1125,1476,1505,1572  -g -DFULLDEBUG -O0 -DNoRepository -I/home/dvaidhyn/Openfoam-mic/of-xp/OpenFOAM-2.3.1/src/fileFormats/lnInclude 	-I/home/dvaidhyn/Openfoam-mic/of-xp/zlib-1.2.8/zconf.h -IlnInclude -I. -I/home/dvaidhyn/Openfoam-mic/of-xp/OpenFOAM-2.3.1/src/OpenFOAM/lnInclude -I/home/dvaidhyn/Openfoam-mic/of-xp/OpenFOAM-2.3.1/src/OSspecific/POSIX/lnInclude   -fPIC -O3 -mmic -c $SOURCE -o Make/linux64IccDPDebug/NASsurfaceFormatRunTime.o
SOURCE=surfaceFormats/obj/OBJsurfaceFormatRunTime.C ;  icpc -std=c++0x -Dlinux64 -DWM_DP -wd327,525,654,819,1125,1476,1505,1572  -g -DFULLDEBUG -O0 -DNoRepository -I/home/dvaidhyn/Openfoam-mic/of-xp/OpenFOAM-2.3.1/src/fileFormats/lnInclude 	-I/home/dvaidhyn/Openfoam-mic/of-xp/zlib-1.2.8/zconf.h -IlnInclude -I. -I/home/dvaidhyn/Openfoam-mic/of-xp/OpenFOAM-2.3.1/src/OpenFOAM/lnInclude -I/home/dvaidhyn/Openfoam-mic/of-xp/OpenFOAM-2.3.1/src/OSspecific/POSIX/lnInclude   -fPIC -O3 -mmic -c $SOURCE -o Make/linux64IccDPDebug/OBJsurfaceFormatRunTime.o
SOURCE=surfaceFormats/obj/OBJstream.C ;  icpc -std=c++0x -Dlinux64 -DWM_DP -wd327,525,654,819,1125,1476,1505,1572  -g -DFULLDEBUG -O0 -DNoRepository -I/home/dvaidhyn/Openfoam-mic/of-xp/OpenFOAM-2.3.1/src/fileFormats/lnInclude 	-I/home/dvaidhyn/Openfoam-mic/of-xp/zlib-1.2.8/zconf.h -IlnInclude -I. -I/home/dvaidhyn/Openfoam-mic/of-xp/OpenFOAM-2.3.1/src/OpenFOAM/lnInclude -I/home/dvaidhyn/Openfoam-mic/of-xp/OpenFOAM-2.3.1/src/OSspecific/POSIX/lnInclude   -fPIC -O3 -mmic -c $SOURCE -o Make/linux64IccDPDebug/OBJstream.o
SOURCE=surfaceFormats/off/OFFsurfaceFormatRunTime.C ;  icpc -std=c++0x -Dlinux64 -DWM_DP -wd327,525,654,819,1125,1476,1505,1572  -g -DFULLDEBUG -O0 -DNoRepository -I/home/dvaidhyn/Openfoam-mic/of-xp/OpenFOAM-2.3.1/src/fileFormats/lnInclude 	-I/home/dvaidhyn/Openfoam-mic/of-xp/zlib-1.2.8/zconf.h -IlnInclude -I. -I/home/dvaidhyn/Openfoam-mic/of-xp/OpenFOAM-2.3.1/src/OpenFOAM/lnInclude -I/home/dvaidhyn/Openfoam-mic/of-xp/OpenFOAM-2.3.1/src/OSspecific/POSIX/lnInclude   -fPIC -O3 -mmic -c $SOURCE -o Make/linux64IccDPDebug/OFFsurfaceFormatRunTime.o
SOURCE=surfaceFormats/ofs/OFSsurfaceFormatCore.C ;  icpc -std=c++0x -Dlinux64 -DWM_DP -wd327,525,654,819,1125,1476,1505,1572  -g -DFULLDEBUG -O0 -DNoRepository -I/home/dvaidhyn/Openfoam-mic/of-xp/OpenFOAM-2.3.1/src/fileFormats/lnInclude 	-I/home/dvaidhyn/Openfoam-mic/of-xp/zlib-1.2.8/zconf.h -IlnInclude -I. -I/home/dvaidhyn/Openfoam-mic/of-xp/OpenFOAM-2.3.1/src/OpenFOAM/lnInclude -I/home/dvaidhyn/Openfoam-mic/of-xp/OpenFOAM-2.3.1/src/OSspecific/POSIX/lnInclude   -fPIC -O3 -mmic -c $SOURCE -o Make/linux64IccDPDebug/OFSsurfaceFormatCore.o
SOURCE=surfaceFormats/ofs/OFSsurfaceFormatRunTime.C ;  icpc -std=c++0x -Dlinux64 -DWM_DP -wd327,525,654,819,1125,1476,1505,1572  -g -DFULLDEBUG -O0 -DNoRepository -I/home/dvaidhyn/Openfoam-mic/of-xp/OpenFOAM-2.3.1/src/fileFormats/lnInclude 	-I/home/dvaidhyn/Openfoam-mic/of-xp/zlib-1.2.8/zconf.h -IlnInclude -I. -I/home/dvaidhyn/Openfoam-mic/of-xp/OpenFOAM-2.3.1/src/OpenFOAM/lnInclude -I/home/dvaidhyn/Openfoam-mic/of-xp/OpenFOAM-2.3.1/src/OSspecific/POSIX/lnInclude   -fPIC -O3 -mmic -c $SOURCE -o Make/linux64IccDPDebug/OFSsurfaceFormatRunTime.o
SOURCE=surfaceFormats/smesh/SMESHsurfaceFormatRunTime.C ;  icpc -std=c++0x -Dlinux64 -DWM_DP -wd327,525,654,819,1125,1476,1505,1572  -g -DFULLDEBUG -O0 -DNoRepository -I/home/dvaidhyn/Openfoam-mic/of-xp/OpenFOAM-2.3.1/src/fileFormats/lnInclude 	-I/home/dvaidhyn/Openfoam-mic/of-xp/zlib-1.2.8/zconf.h -IlnInclude -I. -I/home/dvaidhyn/Openfoam-mic/of-xp/OpenFOAM-2.3.1/src/OpenFOAM/lnInclude -I/home/dvaidhyn/Openfoam-mic/of-xp/OpenFOAM-2.3.1/src/OSspecific/POSIX/lnInclude   -fPIC -O3 -mmic -c $SOURCE -o Make/linux64IccDPDebug/SMESHsurfaceFormatRunTime.o
SOURCE=surfaceFormats/starcd/STARCDsurfaceFormatCore.C ;  icpc -std=c++0x -Dlinux64 -DWM_DP -wd327,525,654,819,1125,1476,1505,1572  -g -DFULLDEBUG -O0 -DNoRepository -I/home/dvaidhyn/Openfoam-mic/of-xp/OpenFOAM-2.3.1/src/fileFormats/lnInclude 	-I/home/dvaidhyn/Openfoam-mic/of-xp/zlib-1.2.8/zconf.h -IlnInclude -I. -I/home/dvaidhyn/Openfoam-mic/of-xp/OpenFOAM-2.3.1/src/OpenFOAM/lnInclude -I/home/dvaidhyn/Openfoam-mic/of-xp/OpenFOAM-2.3.1/src/OSspecific/POSIX/lnInclude   -fPIC -O3 -mmic -c $SOURCE -o Make/linux64IccDPDebug/STARCDsurfaceFormatCore.o
SOURCE=surfaceFormats/stl/STLsurfaceFormatCore.C ;  icpc -std=c++0x -Dlinux64 -DWM_DP -wd327,525,654,819,1125,1476,1505,1572  -g -DFULLDEBUG -O0 -DNoRepository -I/home/dvaidhyn/Openfoam-mic/of-xp/OpenFOAM-2.3.1/src/fileFormats/lnInclude 	-I/home/dvaidhyn/Openfoam-mic/of-xp/zlib-1.2.8/zconf.h -IlnInclude -I. -I/home/dvaidhyn/Openfoam-mic/of-xp/OpenFOAM-2.3.1/src/OpenFOAM/lnInclude -I/home/dvaidhyn/Openfoam-mic/of-xp/OpenFOAM-2.3.1/src/OSspecific/POSIX/lnInclude   -fPIC -O3 -mmic -c $SOURCE -o Make/linux64IccDPDebug/STLsurfaceFormatCore.o
SOURCE=surfaceFormats/stl/STLsurfaceFormatRunTime.C ;  icpc -std=c++0x -Dlinux64 -DWM_DP -wd327,525,654,819,1125,1476,1505,1572  -g -DFULLDEBUG -O0 -DNoRepository -I/home/dvaidhyn/Openfoam-mic/of-xp/OpenFOAM-2.3.1/src/fileFormats/lnInclude 	-I/home/dvaidhyn/Openfoam-mic/of-xp/zlib-1.2.8/zconf.h -IlnInclude -I. -I/home/dvaidhyn/Openfoam-mic/of-xp/OpenFOAM-2.3.1/src/OpenFOAM/lnInclude -I/home/dvaidhyn/Openfoam-mic/of-xp/OpenFOAM-2.3.1/src/OSspecific/POSIX/lnInclude   -fPIC -O3 -mmic -c $SOURCE -o Make/linux64IccDPDebug/STLsurfaceFormatRunTime.o
SOURCE=surfaceFormats/starcd/STARCDsurfaceFormatRunTime.C ;  icpc -std=c++0x -Dlinux64 -DWM_DP -wd327,525,654,819,1125,1476,1505,1572  -g -DFULLDEBUG -O0 -DNoRepository -I/home/dvaidhyn/Openfoam-mic/of-xp/OpenFOAM-2.3.1/src/fileFormats/lnInclude 	-I/home/dvaidhyn/Openfoam-mic/of-xp/zlib-1.2.8/zconf.h -IlnInclude -I. -I/home/dvaidhyn/Openfoam-mic/of-xp/OpenFOAM-2.3.1/src/OpenFOAM/lnInclude -I/home/dvaidhyn/Openfoam-mic/of-xp/OpenFOAM-2.3.1/src/OSspecific/POSIX/lnInclude   -fPIC -O3 -mmic -c $SOURCE -o Make/linux64IccDPDebug/STARCDsurfaceFormatRunTime.o
SOURCE=surfaceFormats/stl/STLsurfaceFormatASCII.L ; flex -+ -oMake/linux64IccDPDebug/STLsurfaceFormatASCII.C -f $SOURCE ; icpc -std=c++0x -Dlinux64 -DWM_DP -wd327,525,654,819,1125,1476,1505,1572  -g -DFULLDEBUG -O0 -DNoRepository -I/home/dvaidhyn/Openfoam-mic/of-xp/OpenFOAM-2.3.1/src/fileFormats/lnInclude 	-I/home/dvaidhyn/Openfoam-mic/of-xp/zlib-1.2.8/zconf.h -IlnInclude -I. -I/home/dvaidhyn/Openfoam-mic/of-xp/OpenFOAM-2.3.1/src/OpenFOAM/lnInclude -I/home/dvaidhyn/Openfoam-mic/of-xp/OpenFOAM-2.3.1/src/OSspecific/POSIX/lnInclude   -fPIC -O3 -mmic -c Make/linux64IccDPDebug/STLsurfaceFormatASCII.C -o Make/linux64IccDPDebug/STLsurfaceFormatASCII.o
SOURCE=surfaceFormats/tri/TRIsurfaceFormatCore.C ;  icpc -std=c++0x -Dlinux64 -DWM_DP -wd327,525,654,819,1125,1476,1505,1572  -g -DFULLDEBUG -O0 -DNoRepository -I/home/dvaidhyn/Openfoam-mic/of-xp/OpenFOAM-2.3.1/src/fileFormats/lnInclude 	-I/home/dvaidhyn/Openfoam-mic/of-xp/zlib-1.2.8/zconf.h -IlnInclude -I. -I/home/dvaidhyn/Openfoam-mic/of-xp/OpenFOAM-2.3.1/src/OpenFOAM/lnInclude -I/home/dvaidhyn/Openfoam-mic/of-xp/OpenFOAM-2.3.1/src/OSspecific/POSIX/lnInclude   -fPIC -O3 -mmic -c $SOURCE -o Make/linux64IccDPDebug/TRIsurfaceFormatCore.o
/bin/sh: /home/dvaidhyn/Openfoam-mic/of-xp/flex-2.5.39/flex: cannot execute binary file
icpc: error #10236: File not found:  'Make/linux64IccDPDebug/STLsurfaceFormatASCII.C'
icpc: command line error: no files specified; for help type "icpc -help"
make: *** [Make/linux64IccDPDebug/STLsurfaceFormatASCII.o] Error 1
make: *** Waiting for unfinished jobs....
